Using pre-set license
Built from '2020.2/release' branch; Version is '2020.2.2f1 (068178b99f32) revision 426360'; Using compiler version '192528614'; Build Type 'Release'
OS: 'Windows 10 Enterprise; OS build 18363.1500; Version 1909; 64bit' Language: 'en' Physical Memory: 16304 MB
BatchMode: 1, IsHumanControllingUs: 0, StartBugReporterOnCrash: 0, Is64bit: 1, IsPro: 0

 COMMAND LINE ARGUMENTS:
C:\Program Files\Unity\Hub\Editor\2020.2.2f1\Editor\Unity.exe
-adb2
-batchMode
-noUpm
-name
AssetImportWorker0
-projectPath
C:/Users/guy.twemlow/Documents/GitHub/MechSplosion/SpaceSimulator
-logFile
Logs/AssetImportWorker0.log
-srvPort
58424
Successfully changed project path to: C:/Users/guy.twemlow/Documents/GitHub/MechSplosion/SpaceSimulator
C:/Users/guy.twemlow/Documents/GitHub/MechSplosion/SpaceSimulator
Using Asset Import Pipeline V2.
Refreshing native plugins compatible for Editor in 110.96 ms, found 0 plugins.
Preloading 0 native plugins for Editor in 0.00 ms.
Initialize engine version: 2020.2.2f1 (068178b99f32)
[Subsystems] Discovering subsystems at path C:/Program Files/Unity/Hub/Editor/2020.2.2f1/Editor/Data/Resources/UnitySubsystems
[Subsystems] Discovering subsystems at path C:/Users/guy.twemlow/Documents/GitHub/MechSplosion/SpaceSimulator/Assets
GfxDevice: creating device client; threaded=0
Direct3D:
    Version:  Direct3D 11.0 [level 11.0]
    Renderer: NVIDIA Quadro K2200  (ID=0x13ba)
    Vendor:   
    VRAM:     4035 MB
    Driver:   10.18.13.5362
Shader 'Universal Render Pipeline/Particles/Lit': fallback shader 'Universal Render Pipeline/Particles/SimpleLit' not found
Initialize mono
Mono path[0] = 'C:/Program Files/Unity/Hub/Editor/2020.2.2f1/Editor/Data/Managed'
Mono path[1] = 'C:/Program Files/Unity/Hub/Editor/2020.2.2f1/Editor/Data/MonoBleedingEdge/lib/mono/unityjit'
Mono config path = 'C:/Program Files/Unity/Hub/Editor/2020.2.2f1/Editor/Data/MonoBleedingEdge/etc'
Using monoOptions --debugger-agent=transport=dt_socket,embedding=1,server=y,suspend=n,address=127.0.0.1:56880
Begin MonoManager ReloadAssembly
Registering precompiled unity dll's ...
Register platform support module: C:/Program Files/Unity/Hub/Editor/2020.2.2f1/Editor/Data/PlaybackEngines/WindowsStandaloneSupport/UnityEditor.WindowsStandalone.Extensions.dll
Registered in 0.001521 seconds.
Native extension for WindowsStandalone target not found
Refreshing native plugins compatible for Editor in 88.90 ms, found 0 plugins.
Preloading 0 native plugins for Editor in 0.00 ms.
Invoked RoslynAnalysisRunner static constructor.
RoslynAnalysisRunner will not be running.
RoslynAnalysisRunner has terminated.
Mono: successfully reloaded assembly
- Completed reload, in  2.379 seconds
Platform modules already initialized, skipping
Registering precompiled user dll's ...
Registered in 0.001498 seconds.
Begin MonoManager ReloadAssembly
Native extension for WindowsStandalone target not found
Refreshing native plugins compatible for Editor in 95.35 ms, found 0 plugins.
Preloading 0 native plugins for Editor in 0.00 ms.
Invoked RoslynAnalysisRunner static constructor.
RoslynAnalysisRunner will not be running.
RoslynAnalysisRunner has terminated.
Mono: successfully reloaded assembly
- Completed reload, in  1.547 seconds
Platform modules already initialized, skipping
========================================================================
Worker process is ready to serve import requests
Shader 'Universal Render Pipeline/Particles/Lit': fallback shader 'Universal Render Pipeline/Particles/SimpleLit' not found
Launched and connected shader compiler UnityShaderCompiler.exe after 0.06 seconds
Refreshing native plugins compatible for Editor in 0.60 ms, found 0 plugins.
Preloading 0 native plugins for Editor in 0.00 ms.
Unloading 3770 Unused Serialized files (Serialized files now loaded: 0)
System memory in use before: 186.9 MB.
System memory in use after: 187.2 MB.

Unloading 10 unused Assets to reduce memory usage. Loaded Objects now: 4226.
Total: 3.476300 ms (FindLiveObjects: 0.381400 ms CreateObjectMapping: 0.273000 ms MarkObjects: 2.749900 ms  DeleteObjects: 0.070600 ms)

========================================================================
Received Import Request.
  path: Assets/Shaders/LaserMaterial.mat
  artifactKey: Guid(1e524403a28d8d94c8378bdec1126c65) Importer(815301076,1909f56bfc062723c751e8b465ee728b)
Start importing Assets/Shaders/LaserMaterial.mat using Guid(1e524403a28d8d94c8378bdec1126c65) Importer(815301076,1909f56bfc062723c751e8b465ee728b)  -> (artifact id: '30ddd08611b250f57be0249bacaa731b') in 2.853760 seconds
  Import took 2.863206 seconds .

========================================================================
Received Import Request.
  Time since last request: 470.267407 seconds.
  path: Assets/Skybox.mat
  artifactKey: Guid(372247e364f19c7418b9904f49733073) Importer(815301076,1909f56bfc062723c751e8b465ee728b)
Start importing Assets/Skybox.mat using Guid(372247e364f19c7418b9904f49733073) Importer(815301076,1909f56bfc062723c751e8b465ee728b)  -> (artifact id: '6db60cefec2671ae8f841ec36fb618aa') in 0.222156 seconds
  Import took 0.230497 seconds .

========================================================================
Received Import Request.
  Time since last request: 0.005046 seconds.
  path: Assets/Skybox.mat
  artifactKey: Guid(372247e364f19c7418b9904f49733073) Importer(815301076,1909f56bfc062723c751e8b465ee728b)
Start importing Assets/Skybox.mat using Guid(372247e364f19c7418b9904f49733073) Importer(815301076,1909f56bfc062723c751e8b465ee728b)  -> (artifact id: '6db60cefec2671ae8f841ec36fb618aa') in 0.058686 seconds
  Import took 0.066607 seconds .

========================================================================
Received Import Request.
  Time since last request: 2.424311 seconds.
  path: Assets/Textures
  artifactKey: Guid(3011c145feabf4c41a9433cb41bac47f) Importer(815301076,1909f56bfc062723c751e8b465ee728b)
Start importing Assets/Textures using Guid(3011c145feabf4c41a9433cb41bac47f) Importer(815301076,1909f56bfc062723c751e8b465ee728b)  -> (artifact id: '587a490ea77831bfb816cd0eac485f58') in 0.008425 seconds
  Import took 0.015182 seconds .

========================================================================
Received Import Request.
  Time since last request: 0.130438 seconds.
  path: Assets/Textures/laser1.png
  artifactKey: Guid(69164c4c9210a694ca413900a19e9e82) Importer(815301076,1909f56bfc062723c751e8b465ee728b)
Start importing Assets/Textures/laser1.png using Guid(69164c4c9210a694ca413900a19e9e82) Importer(815301076,1909f56bfc062723c751e8b465ee728b)  -> (artifact id: '757d40fb59cb633688b4e0675afb0f84') in 0.068587 seconds
  Import took 0.081725 seconds .

========================================================================
Received Prepare
Registering precompiled user dll's ...
Registered in 0.001397 seconds.
Begin MonoManager ReloadAssembly
Native extension for WindowsStandalone target not found
Refreshing native plugins compatible for Editor in 0.54 ms, found 0 plugins.
Preloading 0 native plugins for Editor in 0.00 ms.
Invoked RoslynAnalysisRunner static constructor.
RoslynAnalysisRunner will not be running.
RoslynAnalysisRunner has terminated.
Mono: successfully reloaded assembly
- Completed reload, in  1.156 seconds
Platform modules already initialized, skipping
Shader 'Universal Render Pipeline/Particles/Lit': fallback shader 'Universal Render Pipeline/Particles/SimpleLit' not found
Refreshing native plugins compatible for Editor in 0.70 ms, found 0 plugins.
Preloading 0 native plugins for Editor in 0.00 ms.
Unloading 3461 Unused Serialized files (Serialized files now loaded: 0)
System memory in use before: 185.6 MB.
System memory in use after: 185.9 MB.

Unloading 5 unused Assets to reduce memory usage. Loaded Objects now: 4434.
Total: 2.795300 ms (FindLiveObjects: 0.367800 ms CreateObjectMapping: 0.206400 ms MarkObjects: 2.204200 ms  DeleteObjects: 0.016100 ms)

AssetImportWorkerClient::OnTransportError - code=2 error=End of file
